{
  message: 'Method: GET;  Saccessfully FindAll Profession;',
  level: 'info',
  timestamp: '2025-02-20T04:58:53.145Z'
}
{
  message: 'Method: GET;  Saccessfully FindAll Profession;',
  level: 'info',
  timestamp: '2025-02-20T05:03:10.567Z'
}
{
  message: 'Method: GET;  Saccessfully FindOne Profession;',
  level: 'info',
  timestamp: '2025-02-20T05:10:01.354Z'
}
{
  message: 'Method: GET;  Saccessfully FindOne Profession;',
  level: 'info',
  timestamp: '2025-02-20T05:14:37.615Z'
}
{
  message: 'Method: GET;  Saccessfully FindOne Profession;',
  level: 'info',
  timestamp: '2025-02-20T05:25:01.835Z'
}
{
  message: 'Method: Created Successfully;  Saccessfully Create Profession;',
  level: 'info',
  timestamp: '2025-02-20T05:26:12.453Z'
}
{
  message: 'Method: GET;  Saccessfully FindOne Profession;',
  level: 'info',
  timestamp: '2025-02-20T05:31:13.442Z'
}
{
  message: 'Method: PATCH Created Profession Successfully;',
  level: 'info',
  timestamp: '2025-02-20T05:31:31.149Z'
}
{
  message: 'Method: Created Successfully;  Saccessfully Create Profession;',
  level: 'info',
  timestamp: '2025-02-20T05:36:49.944Z'
}
{
  message: 'Method: PATCH Created Profession Successfully;',
  level: 'info',
  timestamp: '2025-02-20T05:38:34.875Z'
}
{
  message: 'Method: DELETE Delete Profession Successfully;',
  level: 'info',
  timestamp: '2025-02-20T05:45:32.305Z'
}
{
  message: 'Method: PATCH Created Profession Successfully;',
  level: 'info',
  timestamp: '2025-02-20T05:52:12.688Z'
}
{
  message: 'Method: DELETE Delete Profession Successfully;',
  level: 'info',
  timestamp: '2025-02-20T05:52:37.396Z'
}
{
  message: 'Method: GET Search Profession Successfully; data: [object SequelizeInstance:professions],[object SequelizeInstance:professions]',
  level: 'info',
  timestamp: '2025-02-20T06:01:04.474Z'
}
{
  message: 'Method: GET Search Profession Successfully; data: [object SequelizeInstance:professions]',
  level: 'info',
  timestamp: '2025-02-20T06:01:17.237Z'
}
{
  message: 'Method: GET Search Profession Successfully; data: ',
  level: 'info',
  timestamp: '2025-02-20T06:01:31.778Z'
}
{
  message: 'Method: GET Search Profession Successfully; data: ',
  level: 'info',
  timestamp: '2025-02-20T06:04:39.687Z'
}
{
  message: 'Method: GET Search Profession Successfully; data: ',
  level: 'info',
  timestamp: '2025-02-20T06:04:53.406Z'
}
{
  message: 'Method: GET;  Saccessfully FindAll Profession;',
  level: 'info',
  timestamp: '2025-02-20T06:06:47.057Z'
}
{
  message: 'Method: GET;  Saccessfully FindAll Field;',
  level: 'info',
  timestamp: '2025-02-20T06:15:46.567Z'
}
{
  message: 'Method: GET;  Saccessfully FindAll Field;',
  level: 'info',
  timestamp: '2025-02-20T06:17:06.809Z'
}
{
  message: 'Method: GET;  Saccessfully Search Field;',
  level: 'info',
  timestamp: '2025-02-20T07:09:42.629Z'
}
{
  message: 'Method: GET;  Saccessfully Search Field;',
  level: 'info',
  timestamp: '2025-02-20T07:09:42.631Z'
}
{
  message: 'Method: GET;  Saccessfully Search Field;',
  level: 'info',
  timestamp: '2025-02-20T07:10:03.559Z'
}
{
  message: 'Method: GET;  Saccessfully Search Field;',
  level: 'info',
  timestamp: '2025-02-20T07:10:18.491Z'
}
{
  message: 'Method: GET;  Saccessfully Search Field;',
  level: 'info',
  timestamp: '2025-02-20T07:10:18.492Z'
}
{
  message: 'Method: GET;  Saccessfully Search Field;',
  level: 'info',
  timestamp: '2025-02-20T07:10:36.695Z'
}
{
  message: 'Method: GET;  Saccessfully Search Field;',
  level: 'info',
  timestamp: '2025-02-20T07:11:04.539Z'
}
{
  message: 'Method: GET;  Saccessfully Search Field;',
  level: 'info',
  timestamp: '2025-02-20T07:11:04.539Z'
}
{
  message: 'Method: POST;  Saccessfully Create Field;',
  level: 'info',
  timestamp: '2025-02-20T07:13:43.467Z'
}
{
  message: 'Method: POST;  Saccessfully Create Field;',
  level: 'info',
  timestamp: '2025-02-20T07:14:17.587Z'
}
{
  message: 'Method: POST;  Saccessfully Create Field;',
  level: 'info',
  timestamp: '2025-02-20T07:25:24.179Z'
}
{
  message: 'Method: PATCH;  Saccessfully Update Field;',
  level: 'info',
  timestamp: '2025-02-20T07:27:23.469Z'
}
{
  message: 'Method: PATCH;  Saccessfully Update Field;',
  level: 'info',
  timestamp: '2025-02-20T07:28:01.329Z'
}
{
  message: 'Method: POST;  Saccessfully Create Field;',
  level: 'info',
  timestamp: '2025-02-20T07:32:01.197Z'
}
{
  message: 'Method: PATCH;  Saccessfully Update Field;',
  level: 'info',
  timestamp: '2025-02-20T07:42:56.316Z'
}
{
  message: 'Method: DELETE;  Saccessfully Delete Field;',
  level: 'info',
  timestamp: '2025-02-20T07:43:41.387Z'
}
{
  message: 'Method: GET;  Successfully FindAll ResourceCategory;',
  level: 'info',
  timestamp: '2025-02-20T09:37:51.016Z'
}
{
  message: 'Method: GET;  Saccessfully FindOne ResourceCategory;',
  level: 'info',
  timestamp: '2025-02-20T09:38:46.646Z'
}
{
  message: 'Method: GET;  Saccessfully FindOne ResourceCategory;',
  level: 'info',
  timestamp: '2025-02-20T09:39:30.368Z'
}
{
  message: 'Method: GET;  Saccessfully Search ResourceCategory; data: [object SequelizeInstance:resourcecategories],[object SequelizeInstance:resourcecategories],[object SequelizeInstance:resourcecategories],[object SequelizeInstance:resourcecategories],[object SequelizeInstance:resourcecategories]',
  level: 'info',
  timestamp: '2025-02-20T09:42:10.851Z'
}
{
  message: 'Method: GET;  Saccessfully Search ResourceCategory; data: [object SequelizeInstance:resourcecategories],[object SequelizeInstance:resourcecategories],[object SequelizeInstance:resourcecategories],[object SequelizeInstance:resourcecategories],[object SequelizeInstance:resourcecategories]',
  level: 'info',
  timestamp: '2025-02-20T09:42:24.133Z'
}
{
  message: 'Method: GET;  Saccessfully Search ResourceCategory; data: [object SequelizeInstance:resourcecategories]',
  level: 'info',
  timestamp: '2025-02-20T09:42:47.888Z'
}
{
  message: 'Method: GET;  Saccessfully Search ResourceCategory; data: [object SequelizeInstance:resourcecategories],[object SequelizeInstance:resourcecategories],[object SequelizeInstance:resourcecategories],[object SequelizeInstance:resourcecategories],[object SequelizeInstance:resourcecategories]',
  level: 'info',
  timestamp: '2025-02-20T09:42:58.017Z'
}
{
  message: 'Method: GET;  Saccessfully Search ResourceCategory; data: [object SequelizeInstance:resourcecategories]',
  level: 'info',
  timestamp: '2025-02-20T09:43:13.949Z'
}
{
  message: 'Method: GET;  Saccessfully Search ResourceCategory; data: [object SequelizeInstance:resourcecategories]',
  level: 'info',
  timestamp: '2025-02-20T09:43:37.415Z'
}
{
  message: 'Method: GET;  Saccessfully FindAll Resources;',
  level: 'info',
  timestamp: '2025-02-20T09:54:59.373Z'
}
{
  message: 'Method: GET;  Saccessfully FindAll Resources;',
  level: 'info',
  timestamp: '2025-02-20T09:55:57.073Z'
}
{
  message: 'Method: GET;  Saccessfully FindOne Resources;',
  level: 'info',
  timestamp: '2025-02-20T10:05:31.704Z'
}
{
  message: 'Method: GET;  Saccessfully Search Resources; data: [object SequelizeInstance:resources]',
  level: 'info',
  timestamp: '2025-02-20T10:46:19.330Z'
}
{
  message: 'Method: GET;  Saccessfully FindAll LearningCenter;',
  level: 'info',
  timestamp: '2025-02-20T14:43:41.217Z'
}
{
  message: 'Method: GET;  Saccessfully Search Comment; data: [object SequelizeInstance:comments]',
  level: 'info',
  timestamp: '2025-02-20T23:01:10.599Z'
}
{
  message: 'Method: GET;  Saccessfully Search Comment; data: [object SequelizeInstance:comments]',
  level: 'info',
  timestamp: '2025-02-20T23:01:27.728Z'
}
{
  message: 'Method: GET;  Saccessfully FindAll Like;',
  level: 'info',
  timestamp: '2025-02-20T23:15:05.635Z'
}
{
  message: 'Method: POST;  Successfully Create Like;',
  level: 'info',
  timestamp: '2025-02-21T03:26:09.168Z'
}
{
  message: 'Method: POST;  Successfully Create Like;',
  level: 'info',
  timestamp: '2025-02-21T03:26:33.491Z'
}
{
  message: 'Method: GET;  Saccessfully FindAll LearningCenter;',
  level: 'info',
  timestamp: '2025-02-21T23:10:27.014Z'
}
{
  message: 'Method: GET;  Saccessfully FindAll LearningCenter;',
  level: 'info',
  timestamp: '2025-02-21T23:11:29.017Z'
}
{
  message: 'Method: GET;  Saccessfully FindAll LearningCenter;',
  level: 'info',
  timestamp: '2025-02-21T23:12:06.950Z'
}
{
  message: 'Method: GET;  Saccessfully FindAll LearningCenter;',
  level: 'info',
  timestamp: '2025-02-21T23:17:08.346Z'
}
{
  message: 'Method: GET;  Saccessfully FindAll LearningCenter;',
  level: 'info',
  timestamp: '2025-02-21T23:17:47.446Z'
}
{
  message: 'Method: GET;  Saccessfully FindAll LearningCenter;',
  level: 'info',
  timestamp: '2025-02-21T23:18:49.375Z'
}
{
  message: 'Method: GET;  Saccessfully FindAll LearningCenter;',
  level: 'info',
  timestamp: '2025-02-21T23:28:04.408Z'
}
{
  message: 'Method: GET;  Successfully FindOne LearningCenter;',
  level: 'info',
  timestamp: '2025-02-21T23:33:55.099Z'
}
{
  message: 'Method: GET;  Successfully FindOne LearningCenter;',
  level: 'info',
  timestamp: '2025-02-21T23:34:02.961Z'
}
{
  message: 'Method: GET;  Successfully Search LearningCenter; data: ',
  level: 'info',
  timestamp: '2025-02-21T23:53:00.429Z'
}
{
  message: 'Method: GET;  Successfully Search LearningCenter; data: ',
  level: 'info',
  timestamp: '2025-02-21T23:53:11.740Z'
}
{
  message: 'Method: GET;  Successfully Search LearningCenter; data: [object SequelizeInstance:learningCenter],[object SequelizeInstance:learningCenter],[object SequelizeInstance:learningCenter],[object SequelizeInstance:learningCenter]',
  level: 'info',
  timestamp: '2025-02-21T23:54:55.937Z'
}
{
  message: 'Method: GET;  Successfully Search LearningCenter; data: [object SequelizeInstance:learningCenter]',
  level: 'info',
  timestamp: '2025-02-21T23:55:24.278Z'
}
{
  message: 'Method: GET;  Successfully Search LearningCenter; data: [object SequelizeInstance:learningCenter]',
  level: 'info',
  timestamp: '2025-02-21T23:56:15.416Z'
}
{
  message: 'Method: GET;  Successfully Search LearningCenter; data: [object SequelizeInstance:learningCenter]',
  level: 'info',
  timestamp: '2025-02-21T23:56:37.118Z'
}
{
  message: 'Method: GET;  Successfully Search LearningCenter; data: [object SequelizeInstance:learningCenter],[object SequelizeInstance:learningCenter]',
  level: 'info',
  timestamp: '2025-02-21T23:56:59.072Z'
}
{
  message: 'Method: GET;  Successfully Search LearningCenter; data: ',
  level: 'info',
  timestamp: '2025-02-21T23:58:47.707Z'
}
{
  message: 'Method: GET;  Successfully Search LearningCenter; data: ',
  level: 'info',
  timestamp: '2025-02-21T23:59:48.973Z'
}
{
  message: 'Method: GET;  Successfully Search LearningCenter; data: ',
  level: 'info',
  timestamp: '2025-02-21T23:59:50.292Z'
}
{
  message: 'Method: GET;  Successfully Search LearningCenter; data: ',
  level: 'info',
  timestamp: '2025-02-21T23:59:51.066Z'
}
{
  message: 'Method: GET;  Successfully Search LearningCenter; data: ',
  level: 'info',
  timestamp: '2025-02-21T23:59:51.445Z'
}
{
  message: 'Method: GET;  Successfully Search LearningCenter; data: ',
  level: 'info',
  timestamp: '2025-02-21T23:59:52.529Z'
}
{
  message: 'Method: GET;  Successfully Search LearningCenter; data: ',
  level: 'info',
  timestamp: '2025-02-21T23:59:54.468Z'
}
{
  message: 'Method: GET;  Successfully Search LearningCenter; data: ',
  level: 'info',
  timestamp: '2025-02-22T00:00:32.883Z'
}
{
  message: 'Method: GET;  Successfully Search LearningCenter; data: ',
  level: 'info',
  timestamp: '2025-02-22T00:00:33.898Z'
}
{
  message: 'Method: GET;  Successfully Search LearningCenter; data: ',
  level: 'info',
  timestamp: '2025-02-22T00:00:34.463Z'
}
{
  message: 'Method: GET;  Successfully Search LearningCenter; data: ',
  level: 'info',
  timestamp: '2025-02-22T00:00:35.509Z'
}
{
  message: 'Method: GET;  Successfully Search LearningCenter; data: ',
  level: 'info',
  timestamp: '2025-02-22T00:00:36.707Z'
}
{
  message: 'Method: GET;  Successfully Search LearningCenter; data: ',
  level: 'info',
  timestamp: '2025-02-22T00:00:37.006Z'
}
{
  message: 'Method: GET;  Successfully FindAll ResourceCategory;',
  level: 'info',
  timestamp: '2025-02-22T01:02:42.733Z'
}
{
  message: 'Method: GET;  Saccessfully FindAll Resources;',
  level: 'info',
  timestamp: '2025-02-22T01:14:28.843Z'
}
{
  message: 'Method: GET;  Saccessfully Search Region; data: [object SequelizeInstance:regions]',
  level: 'info',
  timestamp: '2025-02-22T01:42:06.213Z'
}
